8849892 7648566 23.420000 95997.000000 453.334992 453.334991 23.421781 95997.841791 453.261776 453.261780
8850340 7648482 23.430000 95999.000000 453.161039 453.326294 23.436983 95999.038473 453.157693 453.256561
8850560 7648270 23.440000 95995.000000 453.508947 453.335419 23.444449 95995.063626 453.503412 453.268890
8850896 7648210 23.450000 95996.000000 453.421969 453.339752 23.455850 95996.041033 453.418400 453.276367
8850954 7648146 23.450000 95994.000000 453.595925 453.352570 23.457819 95994.776362 453.528398 453.288971
8851108 7648206 23.460000 95997.000000 453.334992 453.351685 23.463044 95997.562390 453.286077 453.288818
8851324 7648110 23.470000 95996.000000 453.421969 453.355194 23.470374 95996.656081 453.364905 453.292633
8851300 7648174 23.460000 95998.000000 453.248015 453.349823 23.469560 95998.181934 453.232191 453.289612
8851482 7648058 23.470000 95996.000000 453.421969 453.353424 23.475736 95996.480013 453.380218 453.294128
8851422 7648068 23.470000 95996.000000 453.421969 453.356842 23.473700 95996.286425 453.397056 453.299286
8851516 7648058 23.470000 95996.000000 453.421969 453.360107 23.476890 95996.741136 453.357507 453.302185
8851456 7648116 23.470000 95997.000000 453.334992 453.358856 23.474854 95997.830197 453.262784 453.300201
8851462 7648124 23.470000 95998.000000 453.248015 453.353302 23.475057 95998.090053 453.240183 453.297211
8851570 7647942 23.470000 95994.000000 453.595925 453.365448 23.478722 95994.056101 453.591046 453.311890
8851548 7648004 23.470000 95995.000000 453.508947 453.372620 23.477975 95995.543909 453.461638 453.319366
8851598 7648038 23.470000 95996.000000 453.421969 453.375092 23.479672 95996.836460 453.349216 453.320862
8851574 7648062 23.470000 95997.000000 453.334992 453.373077 23.478858 95997.293469 453.309467 453.320282
8851630 7647924 23.480000 95994.000000 453.595925 453.384216 23.480758 95994.035893 453.592803 453.333893
8851630 7647974 23.480000 95995.000000 453.508947 453.390442 23.480758 95995.372002 453.476591 453.341034
8851736 7647990 23.480000 95996.000000 453.421969 453.392029 23.484355 95996.613632 453.368597 453.342407
8851680 7647996 23.480000 95996.000000 453.421969 453.393524 23.482455 95996.343888 453.392058 453.344879
8851650 7647974 23.480000 95995.000000 453.508947 453.399292 23.481437 95995.525601 453.463231 453.350800
8851612 7647966 23.480000 95995.000000 453.508947 453.404785 23.480147 95995.019987 453.507208 453.358612
8851680 7648008 23.480000 95996.000000 453.421969 453.405640 23.482455 95996.664556 453.364167 453.358887
8851716 7647840 23.480000 95992.000000 453.769885 453.423859 23.483676 95992.451680 453.730597 453.377472
8851718 7648006 23.480000 95996.000000 453.421969 453.423767 23.483744 95996.902950 453.343433 453.375763
8851736 7648070 23.480000 95998.000000 453.248015 453.414978 23.484355 95998.751423 453.182660 453.366119
8851794 7647960 23.480000 95996.000000 453.421969 453.415314 23.486323 95996.257394 453.399581 453.367798
